=== DÉBUT ANALYSE COMPLÈTE E-COMPTA-IA ===
Timestamp: 2025-01-03 06:30:00
Phase: SAUVEGARDE DE SÉCURITÉ
Statut: ✅ PROJET SÉCURISÉ
Commit: SAUVEGARDE AVANT ANALYSE COMPLÈTE

=== PHASE 1 : INVENTAIRE ARCHITECTURAL ===
Timestamp: 2025-01-03 06:30:00
Statut: 🚀 DÉMARRAGE

=== PHASE 2 : ANALYSE FONCTIONNELLE ===
Timestamp: 2025-01-03 06:35:00
Statut: ✅ TERMINÉE

=== PHASE 3 : ÉVALUATION TECHNIQUE ===
Timestamp: 2025-01-03 06:40:00
Statut: ✅ TERMINÉE

=== PHASE 4 : PLAN DE FINALISATION ===
Timestamp: 2025-01-03 06:45:00
Statut: 🚀 DÉMARRAGE

=== RESTAURATION DES ENTITÉS CRITIQUES ===
Timestamp: 2025-01-03 06:50:00
Statut: ✅ TERMINÉE
Actions effectuées:
- ✅ User.java restauré (entité complète)
- ✅ Company.java restauré (entité complète)  
- ✅ UserRepository.java restauré (repository complet)
- ✅ CountryRepository.java restauré (repository complet)
- ✅ CompanyRepository.java restauré (repository complet)

PROCHAINES ÉTAPES:
1. Test de compilation
2. Ajout des dépendances manquantes
3. Finalisation de la production
